2021-02-04 08:59:06,113 [Worker-9: Importing Maven projects] INFO  o.e.m.c.i.e.AbstractTransferListenerAdapter - Downloading https://repo.maven.apache.org/maven2/org/apache/maven/plugins/maven-surefire-plugin/2.12.4/maven-surefire-plugin-2.12.4.jar
2021-02-04 08:59:06,199 [Worker-9: Importing Maven projects] INFO  o.e.m.c.i.e.AbstractTransferListenerAdapter - Downloaded https://repo.maven.apache.org/maven2/org/apache/maven/plugins/maven-surefire-plugin/2.12.4/maven-surefire-plugin-2.12.4.jar
2021-02-04 08:59:22,424 [Worker-9: Importing Maven projects] INFO  o.e.m.c.i.l.LifecycleMappingFactory - Using org.eclipse.m2e.jdt.JarLifecycleMapping lifecycle mapping for MavenProject: com.fh-dortmund:maven-platoon:0.0.1-SNAPSHOT @ E:\FH_Dortmund\Distributed and Parallel systems\Project_repo\Project_repo_for_JAVA\socrates-platoon\Platoon\maven-platoon\pom.xml.
2021-02-04 08:59:24,620 [Worker-9: Importing Maven projects] INFO  o.e.m.c.i.e.AbstractTransferListenerAdapter - Downloaded https://repo.eclipse.org/content/repositories/paho-releases/org/eclipse/paho/org.eclipse.paho.client.mqttv3/1.2.0/org.eclipse.paho.client.mqttv3-1.2.0.pom
2021-02-04 08:59:24,842 [Worker-9: Importing Maven projects] INFO  o.e.m.c.i.e.AbstractTransferListenerAdapter - Downloaded https://repo.eclipse.org/content/repositories/paho-releases/org/eclipse/paho/java-parent/1.2.0/java-parent-1.2.0.pom
2021-02-04 08:59:25,002 [Worker-9: Importing Maven projects] INFO  o.e.m.c.i.e.AbstractTransferListenerAdapter - Downloading https://repo.maven.apache.org/maven2/org/eclipse/paho/java-parent/1.2.0/java-parent-1.2.0.pom
2021-02-04 08:59:25,099 [Worker-9: Importing Maven projects] INFO  o.e.m.c.i.e.AbstractTransferListenerAdapter - Downloaded https://repo.maven.apache.org/maven2/org/eclipse/paho/java-parent/1.2.0/java-parent-1.2.0.pom
2021-02-04 08:59:25,493 [Worker-9: Importing Maven projects] INFO  o.e.m.c.i.e.AbstractTransferListenerAdapter - Downloading https://repo.eclipse.org/content/repositories/paho-releases/org/eclipse/paho/org.eclipse.paho.client.mqttv3/1.2.0/org.eclipse.paho.client.mqttv3-1.2.0.jar
2021-02-04 08:59:26,234 [Worker-9: Importing Maven projects] INFO  o.e.m.c.i.e.AbstractTransferListenerAdapter - Downloaded https://repo.eclipse.org/content/repositories/paho-releases/org/eclipse/paho/org.eclipse.paho.client.mqttv3/1.2.0/org.eclipse.paho.client.mqttv3-1.2.0.jar
2021-02-04 08:59:33,643 [Worker-9: Importing Maven projects] INFO  o.e.m.j.i.AbstractJavaProjectConfigurator - Adding source folder /maven-platoon/src/main/java
2021-02-04 08:59:33,644 [Worker-9: Importing Maven projects] INFO  o.e.m.j.i.AbstractJavaProjectConfigurator - Adding source folder /maven-platoon/src/test/java
2021-02-04 08:59:33,944 [Worker-9: Importing Maven projects] INFO  o.e.m.c.i.p.ProjectConfigurationManager - Imported and configured 1 project(s) in 33 sec
2021-02-04 08:59:42,670 [Worker-16: Building] WARN  o.e.m.c.i.embedder.EclipseLogger - Using platform encoding (Cp1252 actually) to copy filtered resources, i.e. build is platform dependent!
2021-02-04 08:59:42,672 [Worker-16: Building] INFO  o.e.m.c.i.embedder.EclipseLogger - skip non existing resourceDirectory E:\FH_Dortmund\Distributed and Parallel systems\Project_repo\Project_repo_for_JAVA\socrates-platoon\Platoon\maven-platoon\src\main\resources
2021-02-04 08:59:42,674 [Worker-16: Building] WARN  o.e.m.c.i.embedder.EclipseLogger - Using platform encoding (Cp1252 actually) to copy filtered resources, i.e. build is platform dependent!
2021-02-04 08:59:42,675 [Worker-16: Building] INFO  o.e.m.c.i.embedder.EclipseLogger - skip non existing resourceDirectory E:\FH_Dortmund\Distributed and Parallel systems\Project_repo\Project_repo_for_JAVA\socrates-platoon\Platoon\maven-platoon\src\test\resources
2021-02-04 08:59:48,692 [Worker-19: Building] WARN  o.e.m.c.i.embedder.EclipseLogger - Using platform encoding (Cp1252 actually) to copy filtered resources, i.e. build is platform dependent!
2021-02-04 08:59:48,693 [Worker-19: Building] INFO  o.e.m.c.i.embedder.EclipseLogger - skip non existing resourceDirectory E:\FH_Dortmund\Distributed and Parallel systems\Project_repo\Project_repo_for_JAVA\socrates-platoon\Platoon\maven-platoon\src\main\resources
2021-02-04 08:59:48,695 [Worker-19: Building] WARN  o.e.m.c.i.embedder.EclipseLogger - Using platform encoding (Cp1252 actually) to copy filtered resources, i.e. build is platform dependent!
2021-02-04 08:59:48,696 [Worker-19: Building] INFO  o.e.m.c.i.embedder.EclipseLogger - skip non existing resourceDirectory E:\FH_Dortmund\Distributed and Parallel systems\Project_repo\Project_repo_for_JAVA\socrates-platoon\Platoon\maven-platoon\src\test\resources
2021-02-04 10:06:17,234 [Worker-34: Building] WARN  o.e.m.c.i.embedder.EclipseLogger - Using platform encoding (Cp1252 actually) to copy filtered resources, i.e. build is platform dependent!
2021-02-04 10:06:17,285 [Worker-34: Building] INFO  o.e.m.c.i.embedder.EclipseLogger - skip non existing resourceDirectory E:\FH_Dortmund\Distributed and Parallel systems\Project_repo\Project_repo_for_JAVA\socrates-platoon\Platoon\maven-platoon\src\main\resources
2021-02-04 10:06:17,286 [Worker-34: Building] WARN  o.e.m.c.i.embedder.EclipseLogger - Using platform encoding (Cp1252 actually) to copy filtered resources, i.e. build is platform dependent!
2021-02-04 10:06:17,287 [Worker-34: Building] INFO  o.e.m.c.i.embedder.EclipseLogger - skip non existing resourceDirectory E:\FH_Dortmund\Distributed and Parallel systems\Project_repo\Project_repo_for_JAVA\socrates-platoon\Platoon\maven-platoon\src\test\resources
2021-02-04 10:10:39,314 [Worker-38: Building] WARN  o.e.m.c.i.embedder.EclipseLogger - Using platform encoding (Cp1252 actually) to copy filtered resources, i.e. build is platform dependent!
2021-02-04 10:10:39,315 [Worker-38: Building] INFO  o.e.m.c.i.embedder.EclipseLogger - skip non existing resourceDirectory E:\FH_Dortmund\Distributed and Parallel systems\Project_repo\Project_repo_for_JAVA\socrates-platoon\Platoon\maven-platoon\src\main\resources
2021-02-04 10:10:39,317 [Worker-38: Building] WARN  o.e.m.c.i.embedder.EclipseLogger - Using platform encoding (Cp1252 actually) to copy filtered resources, i.e. build is platform dependent!
2021-02-04 10:10:39,318 [Worker-38: Building] INFO  o.e.m.c.i.embedder.EclipseLogger - skip non existing resourceDirectory E:\FH_Dortmund\Distributed and Parallel systems\Project_repo\Project_repo_for_JAVA\socrates-platoon\Platoon\maven-platoon\src\test\resources
2021-02-04 10:12:33,359 [Worker-36: Building] WARN  o.e.m.c.i.embedder.EclipseLogger - Using platform encoding (Cp1252 actually) to copy filtered resources, i.e. build is platform dependent!
2021-02-04 10:12:33,361 [Worker-36: Building] INFO  o.e.m.c.i.embedder.EclipseLogger - skip non existing resourceDirectory E:\FH_Dortmund\Distributed and Parallel systems\Project_repo\Project_repo_for_JAVA\socrates-platoon\Platoon\maven-platoon\src\main\resources
2021-02-04 10:12:33,362 [Worker-36: Building] WARN  o.e.m.c.i.embedder.EclipseLogger - Using platform encoding (Cp1252 actually) to copy filtered resources, i.e. build is platform dependent!
2021-02-04 10:12:33,363 [Worker-36: Building] INFO  o.e.m.c.i.embedder.EclipseLogger - skip non existing resourceDirectory E:\FH_Dortmund\Distributed and Parallel systems\Project_repo\Project_repo_for_JAVA\socrates-platoon\Platoon\maven-platoon\src\test\resources
2021-02-04 21:32:57,406 [Worker-111: Building] WARN  o.e.m.c.i.embedder.EclipseLogger - Using platform encoding (Cp1252 actually) to copy filtered resources, i.e. build is platform dependent!
2021-02-04 21:33:00,511 [Worker-111: Building] INFO  o.e.m.c.i.embedder.EclipseLogger - skip non existing resourceDirectory E:\FH_Dortmund\Distributed and Parallel systems\Project_repo\Project_repo_for_JAVA\socrates-platoon\Platoon\maven-platoon\src\main\resources
2021-02-04 21:33:04,161 [Worker-111: Building] WARN  o.e.m.c.i.embedder.EclipseLogger - Using platform encoding (Cp1252 actually) to copy filtered resources, i.e. build is platform dependent!
2021-02-04 21:33:04,169 [Worker-111: Building] INFO  o.e.m.c.i.embedder.EclipseLogger - skip non existing resourceDirectory E:\FH_Dortmund\Distributed and Parallel systems\Project_repo\Project_repo_for_JAVA\socrates-platoon\Platoon\maven-platoon\src\test\resources
2021-02-04 22:32:04,450 [Worker-131: Building] WARN  o.e.m.c.i.embedder.EclipseLogger - Using platform encoding (Cp1252 actually) to copy filtered resources, i.e. build is platform dependent!
2021-02-04 22:32:04,488 [Worker-131: Building] INFO  o.e.m.c.i.embedder.EclipseLogger - skip non existing resourceDirectory E:\FH_Dortmund\Distributed and Parallel systems\Project_repo\Project_repo_for_JAVA\socrates-platoon\Platoon\maven-platoon\src\main\resources
2021-02-04 22:32:04,490 [Worker-131: Building] WARN  o.e.m.c.i.embedder.EclipseLogger - Using platform encoding (Cp1252 actually) to copy filtered resources, i.e. build is platform dependent!
2021-02-04 22:32:04,491 [Worker-131: Building] INFO  o.e.m.c.i.embedder.EclipseLogger - skip non existing resourceDirectory E:\FH_Dortmund\Distributed and Parallel systems\Project_repo\Project_repo_for_JAVA\socrates-platoon\Platoon\maven-platoon\src\test\resources
2021-02-04 22:32:29,925 [Worker-132: Building] WARN  o.e.m.c.i.embedder.EclipseLogger - Using platform encoding (Cp1252 actually) to copy filtered resources, i.e. build is platform dependent!
2021-02-04 22:32:29,927 [Worker-132: Building] INFO  o.e.m.c.i.embedder.EclipseLogger - skip non existing resourceDirectory E:\FH_Dortmund\Distributed and Parallel systems\Project_repo\Project_repo_for_JAVA\socrates-platoon\Platoon\maven-platoon\src\main\resources
2021-02-04 22:32:29,929 [Worker-132: Building] WARN  o.e.m.c.i.embedder.EclipseLogger - Using platform encoding (Cp1252 actually) to copy filtered resources, i.e. build is platform dependent!
2021-02-04 22:32:29,930 [Worker-132: Building] INFO  o.e.m.c.i.embedder.EclipseLogger - skip non existing resourceDirectory E:\FH_Dortmund\Distributed and Parallel systems\Project_repo\Project_repo_for_JAVA\socrates-platoon\Platoon\maven-platoon\src\test\resources
2021-02-04 22:34:02,512 [Worker-124: Building] WARN  o.e.m.c.i.embedder.EclipseLogger - Using platform encoding (Cp1252 actually) to copy filtered resources, i.e. build is platform dependent!
2021-02-04 22:34:02,514 [Worker-124: Building] INFO  o.e.m.c.i.embedder.EclipseLogger - skip non existing resourceDirectory E:\FH_Dortmund\Distributed and Parallel systems\Project_repo\Project_repo_for_JAVA\socrates-platoon\Platoon\maven-platoon\src\main\resources
2021-02-04 22:34:02,516 [Worker-124: Building] WARN  o.e.m.c.i.embedder.EclipseLogger - Using platform encoding (Cp1252 actually) to copy filtered resources, i.e. build is platform dependent!
2021-02-04 22:34:02,517 [Worker-124: Building] INFO  o.e.m.c.i.embedder.EclipseLogger - skip non existing resourceDirectory E:\FH_Dortmund\Distributed and Parallel systems\Project_repo\Project_repo_for_JAVA\socrates-platoon\Platoon\maven-platoon\src\test\resources
2021-02-04 22:34:27,530 [Worker-124: Building] WARN  o.e.m.c.i.embedder.EclipseLogger - Using platform encoding (Cp1252 actually) to copy filtered resources, i.e. build is platform dependent!
2021-02-04 22:34:27,532 [Worker-124: Building] INFO  o.e.m.c.i.embedder.EclipseLogger - skip non existing resourceDirectory E:\FH_Dortmund\Distributed and Parallel systems\Project_repo\Project_repo_for_JAVA\socrates-platoon\Platoon\maven-platoon\src\main\resources
2021-02-04 22:34:27,534 [Worker-124: Building] WARN  o.e.m.c.i.embedder.EclipseLogger - Using platform encoding (Cp1252 actually) to copy filtered resources, i.e. build is platform dependent!
2021-02-04 22:34:27,537 [Worker-124: Building] INFO  o.e.m.c.i.embedder.EclipseLogger - skip non existing resourceDirectory E:\FH_Dortmund\Distributed and Parallel systems\Project_repo\Project_repo_for_JAVA\socrates-platoon\Platoon\maven-platoon\src\test\resources
2021-02-04 22:35:58,709 [Worker-120: Building] WARN  o.e.m.c.i.embedder.EclipseLogger - Using platform encoding (Cp1252 actually) to copy filtered resources, i.e. build is platform dependent!
2021-02-04 22:35:58,710 [Worker-120: Building] INFO  o.e.m.c.i.embedder.EclipseLogger - skip non existing resourceDirectory E:\FH_Dortmund\Distributed and Parallel systems\Project_repo\Project_repo_for_JAVA\socrates-platoon\Platoon\maven-platoon\src\main\resources
2021-02-04 22:35:58,711 [Worker-120: Building] WARN  o.e.m.c.i.embedder.EclipseLogger - Using platform encoding (Cp1252 actually) to copy filtered resources, i.e. build is platform dependent!
2021-02-04 22:35:58,712 [Worker-120: Building] INFO  o.e.m.c.i.embedder.EclipseLogger - skip non existing resourceDirectory E:\FH_Dortmund\Distributed and Parallel systems\Project_repo\Project_repo_for_JAVA\socrates-platoon\Platoon\maven-platoon\src\test\resources
2021-02-04 22:36:42,612 [Worker-130: Building] WARN  o.e.m.c.i.embedder.EclipseLogger - Using platform encoding (Cp1252 actually) to copy filtered resources, i.e. build is platform dependent!
2021-02-04 22:36:42,613 [Worker-130: Building] INFO  o.e.m.c.i.embedder.EclipseLogger - skip non existing resourceDirectory E:\FH_Dortmund\Distributed and Parallel systems\Project_repo\Project_repo_for_JAVA\socrates-platoon\Platoon\maven-platoon\src\main\resources
2021-02-04 22:36:42,615 [Worker-130: Building] WARN  o.e.m.c.i.embedder.EclipseLogger - Using platform encoding (Cp1252 actually) to copy filtered resources, i.e. build is platform dependent!
2021-02-04 22:36:42,616 [Worker-130: Building] INFO  o.e.m.c.i.embedder.EclipseLogger - skip non existing resourceDirectory E:\FH_Dortmund\Distributed and Parallel systems\Project_repo\Project_repo_for_JAVA\socrates-platoon\Platoon\maven-platoon\src\test\resources
2021-02-04 22:37:38,910 [Worker-130: Building] WARN  o.e.m.c.i.embedder.EclipseLogger - Using platform encoding (Cp1252 actually) to copy filtered resources, i.e. build is platform dependent!
2021-02-04 22:37:38,911 [Worker-130: Building] INFO  o.e.m.c.i.embedder.EclipseLogger - skip non existing resourceDirectory E:\FH_Dortmund\Distributed and Parallel systems\Project_repo\Project_repo_for_JAVA\socrates-platoon\Platoon\maven-platoon\src\main\resources
2021-02-04 22:37:38,913 [Worker-130: Building] WARN  o.e.m.c.i.embedder.EclipseLogger - Using platform encoding (Cp1252 actually) to copy filtered resources, i.e. build is platform dependent!
2021-02-04 22:37:38,915 [Worker-130: Building] INFO  o.e.m.c.i.embedder.EclipseLogger - skip non existing resourceDirectory E:\FH_Dortmund\Distributed and Parallel systems\Project_repo\Project_repo_for_JAVA\socrates-platoon\Platoon\maven-platoon\src\test\resources
2021-02-04 22:37:45,991 [Worker-134: Building] WARN  o.e.m.c.i.embedder.EclipseLogger - Using platform encoding (Cp1252 actually) to copy filtered resources, i.e. build is platform dependent!
2021-02-04 22:37:45,993 [Worker-134: Building] INFO  o.e.m.c.i.embedder.EclipseLogger - skip non existing resourceDirectory E:\FH_Dortmund\Distributed and Parallel systems\Project_repo\Project_repo_for_JAVA\socrates-platoon\Platoon\maven-platoon\src\main\resources
2021-02-04 22:37:46,037 [Worker-134: Building] WARN  o.e.m.c.i.embedder.EclipseLogger - Using platform encoding (Cp1252 actually) to copy filtered resources, i.e. build is platform dependent!
2021-02-04 22:37:46,039 [Worker-134: Building] INFO  o.e.m.c.i.embedder.EclipseLogger - skip non existing resourceDirectory E:\FH_Dortmund\Distributed and Parallel systems\Project_repo\Project_repo_for_JAVA\socrates-platoon\Platoon\maven-platoon\src\test\resources
2021-02-04 22:38:05,910 [Worker-120: Building] WARN  o.e.m.c.i.embedder.EclipseLogger - Using platform encoding (Cp1252 actually) to copy filtered resources, i.e. build is platform dependent!
2021-02-04 22:38:05,912 [Worker-120: Building] INFO  o.e.m.c.i.embedder.EclipseLogger - skip non existing resourceDirectory E:\FH_Dortmund\Distributed and Parallel systems\Project_repo\Project_repo_for_JAVA\socrates-platoon\Platoon\maven-platoon\src\main\resources
2021-02-04 22:38:05,914 [Worker-120: Building] WARN  o.e.m.c.i.embedder.EclipseLogger - Using platform encoding (Cp1252 actually) to copy filtered resources, i.e. build is platform dependent!
2021-02-04 22:38:05,915 [Worker-120: Building] INFO  o.e.m.c.i.embedder.EclipseLogger - skip non existing resourceDirectory E:\FH_Dortmund\Distributed and Parallel systems\Project_repo\Project_repo_for_JAVA\socrates-platoon\Platoon\maven-platoon\src\test\resources
2021-02-04 22:38:27,660 [Worker-130: Building] WARN  o.e.m.c.i.embedder.EclipseLogger - Using platform encoding (Cp1252 actually) to copy filtered resources, i.e. build is platform dependent!
2021-02-04 22:38:27,661 [Worker-130: Building] INFO  o.e.m.c.i.embedder.EclipseLogger - skip non existing resourceDirectory E:\FH_Dortmund\Distributed and Parallel systems\Project_repo\Project_repo_for_JAVA\socrates-platoon\Platoon\maven-platoon\src\main\resources
2021-02-04 22:38:27,678 [Worker-130: Building] WARN  o.e.m.c.i.embedder.EclipseLogger - Using platform encoding (Cp1252 actually) to copy filtered resources, i.e. build is platform dependent!
2021-02-04 22:38:27,704 [Worker-130: Building] INFO  o.e.m.c.i.embedder.EclipseLogger - skip non existing resourceDirectory E:\FH_Dortmund\Distributed and Parallel systems\Project_repo\Project_repo_for_JAVA\socrates-platoon\Platoon\maven-platoon\src\test\resources
2021-02-04 22:38:35,337 [Worker-133: Building] WARN  o.e.m.c.i.embedder.EclipseLogger - Using platform encoding (Cp1252 actually) to copy filtered resources, i.e. build is platform dependent!
2021-02-04 22:38:35,337 [Worker-133: Building] INFO  o.e.m.c.i.embedder.EclipseLogger - skip non existing resourceDirectory E:\FH_Dortmund\Distributed and Parallel systems\Project_repo\Project_repo_for_JAVA\socrates-platoon\Platoon\maven-platoon\src\main\resources
2021-02-04 22:38:35,339 [Worker-133: Building] WARN  o.e.m.c.i.embedder.EclipseLogger - Using platform encoding (Cp1252 actually) to copy filtered resources, i.e. build is platform dependent!
2021-02-04 22:38:35,342 [Worker-133: Building] INFO  o.e.m.c.i.embedder.EclipseLogger - skip non existing resourceDirectory E:\FH_Dortmund\Distributed and Parallel systems\Project_repo\Project_repo_for_JAVA\socrates-platoon\Platoon\maven-platoon\src\test\resources
2021-02-04 22:38:39,886 [Worker-133: Building] WARN  o.e.m.c.i.embedder.EclipseLogger - Using platform encoding (Cp1252 actually) to copy filtered resources, i.e. build is platform dependent!
2021-02-04 22:38:39,887 [Worker-133: Building] INFO  o.e.m.c.i.embedder.EclipseLogger - skip non existing resourceDirectory E:\FH_Dortmund\Distributed and Parallel systems\Project_repo\Project_repo_for_JAVA\socrates-platoon\Platoon\maven-platoon\src\main\resources
2021-02-04 22:38:39,890 [Worker-133: Building] WARN  o.e.m.c.i.embedder.EclipseLogger - Using platform encoding (Cp1252 actually) to copy filtered resources, i.e. build is platform dependent!
2021-02-04 22:38:39,894 [Worker-133: Building] INFO  o.e.m.c.i.embedder.EclipseLogger - skip non existing resourceDirectory E:\FH_Dortmund\Distributed and Parallel systems\Project_repo\Project_repo_for_JAVA\socrates-platoon\Platoon\maven-platoon\src\test\resources
2021-02-04 23:12:59,507 [Worker-138: Building] WARN  o.e.m.c.i.embedder.EclipseLogger - Using platform encoding (Cp1252 actually) to copy filtered resources, i.e. build is platform dependent!
2021-02-04 23:12:59,508 [Worker-138: Building] INFO  o.e.m.c.i.embedder.EclipseLogger - skip non existing resourceDirectory E:\FH_Dortmund\Distributed and Parallel systems\Project_repo\Project_repo_for_JAVA\socrates-platoon\Platoon\maven-platoon\src\main\resources
2021-02-04 23:12:59,510 [Worker-138: Building] WARN  o.e.m.c.i.embedder.EclipseLogger - Using platform encoding (Cp1252 actually) to copy filtered resources, i.e. build is platform dependent!
2021-02-04 23:12:59,510 [Worker-138: Building] INFO  o.e.m.c.i.embedder.EclipseLogger - skip non existing resourceDirectory E:\FH_Dortmund\Distributed and Parallel systems\Project_repo\Project_repo_for_JAVA\socrates-platoon\Platoon\maven-platoon\src\test\resources
2021-02-04 23:35:37,814 [Worker-145: Building] WARN  o.e.m.c.i.embedder.EclipseLogger - Using platform encoding (Cp1252 actually) to copy filtered resources, i.e. build is platform dependent!
2021-02-04 23:35:37,816 [Worker-145: Building] INFO  o.e.m.c.i.embedder.EclipseLogger - skip non existing resourceDirectory E:\FH_Dortmund\Distributed and Parallel systems\Project_repo\Project_repo_for_JAVA\socrates-platoon\Platoon\maven-platoon\src\main\resources
2021-02-04 23:35:37,818 [Worker-145: Building] WARN  o.e.m.c.i.embedder.EclipseLogger - Using platform encoding (Cp1252 actually) to copy filtered resources, i.e. build is platform dependent!
2021-02-04 23:35:37,819 [Worker-145: Building] INFO  o.e.m.c.i.embedder.EclipseLogger - skip non existing resourceDirectory E:\FH_Dortmund\Distributed and Parallel systems\Project_repo\Project_repo_for_JAVA\socrates-platoon\Platoon\maven-platoon\src\test\resources
2021-02-04 23:36:08,802 [Worker-144: Building] WARN  o.e.m.c.i.embedder.EclipseLogger - Using platform encoding (Cp1252 actually) to copy filtered resources, i.e. build is platform dependent!
2021-02-04 23:36:08,803 [Worker-144: Building] INFO  o.e.m.c.i.embedder.EclipseLogger - skip non existing resourceDirectory E:\FH_Dortmund\Distributed and Parallel systems\Project_repo\Project_repo_for_JAVA\socrates-platoon\Platoon\maven-platoon\src\main\resources
2021-02-04 23:36:08,805 [Worker-144: Building] WARN  o.e.m.c.i.embedder.EclipseLogger - Using platform encoding (Cp1252 actually) to copy filtered resources, i.e. build is platform dependent!
2021-02-04 23:36:08,805 [Worker-144: Building] INFO  o.e.m.c.i.embedder.EclipseLogger - skip non existing resourceDirectory E:\FH_Dortmund\Distributed and Parallel systems\Project_repo\Project_repo_for_JAVA\socrates-platoon\Platoon\maven-platoon\src\test\resources
2021-02-04 23:37:34,377 [Worker-146: Building] WARN  o.e.m.c.i.embedder.EclipseLogger - Using platform encoding (Cp1252 actually) to copy filtered resources, i.e. build is platform dependent!
2021-02-04 23:37:34,378 [Worker-146: Building] INFO  o.e.m.c.i.embedder.EclipseLogger - skip non existing resourceDirectory E:\FH_Dortmund\Distributed and Parallel systems\Project_repo\Project_repo_for_JAVA\socrates-platoon\Platoon\maven-platoon\src\main\resources
2021-02-04 23:37:34,386 [Worker-146: Building] WARN  o.e.m.c.i.embedder.EclipseLogger - Using platform encoding (Cp1252 actually) to copy filtered resources, i.e. build is platform dependent!
2021-02-04 23:37:34,387 [Worker-146: Building] INFO  o.e.m.c.i.embedder.EclipseLogger - skip non existing resourceDirectory E:\FH_Dortmund\Distributed and Parallel systems\Project_repo\Project_repo_for_JAVA\socrates-platoon\Platoon\maven-platoon\src\test\resources
2021-02-04 23:38:30,785 [Worker-144: Building] WARN  o.e.m.c.i.embedder.EclipseLogger - Using platform encoding (Cp1252 actually) to copy filtered resources, i.e. build is platform dependent!
2021-02-04 23:38:30,786 [Worker-144: Building] INFO  o.e.m.c.i.embedder.EclipseLogger - skip non existing resourceDirectory E:\FH_Dortmund\Distributed and Parallel systems\Project_repo\Project_repo_for_JAVA\socrates-platoon\Platoon\maven-platoon\src\main\resources
2021-02-04 23:38:30,787 [Worker-144: Building] WARN  o.e.m.c.i.embedder.EclipseLogger - Using platform encoding (Cp1252 actually) to copy filtered resources, i.e. build is platform dependent!
2021-02-04 23:38:30,788 [Worker-144: Building] INFO  o.e.m.c.i.embedder.EclipseLogger - skip non existing resourceDirectory E:\FH_Dortmund\Distributed and Parallel systems\Project_repo\Project_repo_for_JAVA\socrates-platoon\Platoon\maven-platoon\src\test\resources
2021-02-04 23:38:55,515 [Worker-144: Building] WARN  o.e.m.c.i.embedder.EclipseLogger - Using platform encoding (Cp1252 actually) to copy filtered resources, i.e. build is platform dependent!
2021-02-04 23:38:55,516 [Worker-144: Building] INFO  o.e.m.c.i.embedder.EclipseLogger - skip non existing resourceDirectory E:\FH_Dortmund\Distributed and Parallel systems\Project_repo\Project_repo_for_JAVA\socrates-platoon\Platoon\maven-platoon\src\main\resources
2021-02-04 23:38:55,517 [Worker-144: Building] WARN  o.e.m.c.i.embedder.EclipseLogger - Using platform encoding (Cp1252 actually) to copy filtered resources, i.e. build is platform dependent!
2021-02-04 23:38:55,521 [Worker-144: Building] INFO  o.e.m.c.i.embedder.EclipseLogger - skip non existing resourceDirectory E:\FH_Dortmund\Distributed and Parallel systems\Project_repo\Project_repo_for_JAVA\socrates-platoon\Platoon\maven-platoon\src\test\resources
2021-02-04 23:52:04,212 [Worker-148: Building] WARN  o.e.m.c.i.embedder.EclipseLogger - Using platform encoding (Cp1252 actually) to copy filtered resources, i.e. build is platform dependent!
2021-02-04 23:52:04,213 [Worker-148: Building] INFO  o.e.m.c.i.embedder.EclipseLogger - skip non existing resourceDirectory E:\FH_Dortmund\Distributed and Parallel systems\Project_repo\Project_repo_for_JAVA\socrates-platoon\Platoon\maven-platoon\src\main\resources
2021-02-04 23:52:04,215 [Worker-148: Building] WARN  o.e.m.c.i.embedder.EclipseLogger - Using platform encoding (Cp1252 actually) to copy filtered resources, i.e. build is platform dependent!
2021-02-04 23:52:04,215 [Worker-148: Building] INFO  o.e.m.c.i.embedder.EclipseLogger - skip non existing resourceDirectory E:\FH_Dortmund\Distributed and Parallel systems\Project_repo\Project_repo_for_JAVA\socrates-platoon\Platoon\maven-platoon\src\test\resources
2021-02-11 10:15:43,610 [Worker-21: Building] WARN  o.e.m.c.i.embedder.EclipseLogger - Using platform encoding (Cp1252 actually) to copy filtered resources, i.e. build is platform dependent!
2021-02-11 10:15:43,738 [Worker-21: Building] INFO  o.e.m.c.i.embedder.EclipseLogger - skip non existing resourceDirectory E:\FH_Dortmund\Distributed and Parallel systems\Project_repo\Project_repo_for_JAVA\socrates-platoon\Platoon\maven-platoon\src\main\resources
2021-02-11 10:15:43,740 [Worker-21: Building] WARN  o.e.m.c.i.embedder.EclipseLogger - Using platform encoding (Cp1252 actually) to copy filtered resources, i.e. build is platform dependent!
2021-02-11 10:15:43,741 [Worker-21: Building] INFO  o.e.m.c.i.embedder.EclipseLogger - skip non existing resourceDirectory E:\FH_Dortmund\Distributed and Parallel systems\Project_repo\Project_repo_for_JAVA\socrates-platoon\Platoon\maven-platoon\src\test\resources
2021-02-11 10:15:45,638 [Worker-24: Building] WARN  o.e.m.c.i.embedder.EclipseLogger - Using platform encoding (Cp1252 actually) to copy filtered resources, i.e. build is platform dependent!
2021-02-11 10:15:45,639 [Worker-24: Building] INFO  o.e.m.c.i.embedder.EclipseLogger - skip non existing resourceDirectory E:\FH_Dortmund\Distributed and Parallel systems\Project_repo\Project_repo_for_JAVA\socrates-platoon\Platoon\maven-platoon\src\main\resources
2021-02-11 10:15:45,641 [Worker-24: Building] WARN  o.e.m.c.i.embedder.EclipseLogger - Using platform encoding (Cp1252 actually) to copy filtered resources, i.e. build is platform dependent!
2021-02-11 10:15:45,642 [Worker-24: Building] INFO  o.e.m.c.i.embedder.EclipseLogger - skip non existing resourceDirectory E:\FH_Dortmund\Distributed and Parallel systems\Project_repo\Project_repo_for_JAVA\socrates-platoon\Platoon\maven-platoon\src\test\resources
2021-02-11 10:22:25,292 [Worker-21: Building] WARN  o.e.m.c.i.embedder.EclipseLogger - Using platform encoding (Cp1252 actually) to copy filtered resources, i.e. build is platform dependent!
2021-02-11 10:22:25,293 [Worker-21: Building] INFO  o.e.m.c.i.embedder.EclipseLogger - skip non existing resourceDirectory E:\FH_Dortmund\Distributed and Parallel systems\Project_repo\Project_repo_for_JAVA\socrates-platoon\Platoon\maven-platoon\src\main\resources
2021-02-11 10:22:25,295 [Worker-21: Building] WARN  o.e.m.c.i.embedder.EclipseLogger - Using platform encoding (Cp1252 actually) to copy filtered resources, i.e. build is platform dependent!
2021-02-11 10:22:25,296 [Worker-21: Building] INFO  o.e.m.c.i.embedder.EclipseLogger - skip non existing resourceDirectory E:\FH_Dortmund\Distributed and Parallel systems\Project_repo\Project_repo_for_JAVA\socrates-platoon\Platoon\maven-platoon\src\test\resources
2021-02-11 12:07:46,411 [Worker-39: Building] WARN  o.e.m.c.i.embedder.EclipseLogger - Using platform encoding (Cp1252 actually) to copy filtered resources, i.e. build is platform dependent!
2021-02-11 12:07:46,412 [Worker-39: Building] INFO  o.e.m.c.i.embedder.EclipseLogger - skip non existing resourceDirectory E:\FH_Dortmund\Distributed and Parallel systems\Project_repo\Project_repo_for_JAVA\socrates-platoon\Platoon\maven-platoon\src\main\resources
2021-02-11 12:07:46,414 [Worker-39: Building] WARN  o.e.m.c.i.embedder.EclipseLogger - Using platform encoding (Cp1252 actually) to copy filtered resources, i.e. build is platform dependent!
2021-02-11 12:07:46,415 [Worker-39: Building] INFO  o.e.m.c.i.embedder.EclipseLogger - skip non existing resourceDirectory E:\FH_Dortmund\Distributed and Parallel systems\Project_repo\Project_repo_for_JAVA\socrates-platoon\Platoon\maven-platoon\src\test\resources
2021-02-11 12:12:49,283 [Worker-45: Building] WARN  o.e.m.c.i.embedder.EclipseLogger - Using platform encoding (Cp1252 actually) to copy filtered resources, i.e. build is platform dependent!
2021-02-11 12:12:49,284 [Worker-45: Building] INFO  o.e.m.c.i.embedder.EclipseLogger - skip non existing resourceDirectory E:\FH_Dortmund\Distributed and Parallel systems\Project_repo\Project_repo_for_JAVA\socrates-platoon\Platoon\maven-platoon\src\main\resources
2021-02-11 12:12:49,287 [Worker-45: Building] WARN  o.e.m.c.i.embedder.EclipseLogger - Using platform encoding (Cp1252 actually) to copy filtered resources, i.e. build is platform dependent!
2021-02-11 12:12:49,288 [Worker-45: Building] INFO  o.e.m.c.i.embedder.EclipseLogger - skip non existing resourceDirectory E:\FH_Dortmund\Distributed and Parallel systems\Project_repo\Project_repo_for_JAVA\socrates-platoon\Platoon\maven-platoon\src\test\resources
2021-02-11 12:15:49,207 [Worker-45: Building] WARN  o.e.m.c.i.embedder.EclipseLogger - Using platform encoding (Cp1252 actually) to copy filtered resources, i.e. build is platform dependent!
2021-02-11 12:15:49,208 [Worker-45: Building] INFO  o.e.m.c.i.embedder.EclipseLogger - skip non existing resourceDirectory E:\FH_Dortmund\Distributed and Parallel systems\Project_repo\Project_repo_for_JAVA\socrates-platoon\Platoon\maven-platoon\src\main\resources
2021-02-11 12:15:49,209 [Worker-45: Building] WARN  o.e.m.c.i.embedder.EclipseLogger - Using platform encoding (Cp1252 actually) to copy filtered resources, i.e. build is platform dependent!
2021-02-11 12:15:49,210 [Worker-45: Building] INFO  o.e.m.c.i.embedder.EclipseLogger - skip non existing resourceDirectory E:\FH_Dortmund\Distributed and Parallel systems\Project_repo\Project_repo_for_JAVA\socrates-platoon\Platoon\maven-platoon\src\test\resources
2021-02-11 12:19:53,278 [Worker-48: Building] WARN  o.e.m.c.i.embedder.EclipseLogger - Using platform encoding (Cp1252 actually) to copy filtered resources, i.e. build is platform dependent!
2021-02-11 12:19:53,279 [Worker-48: Building] INFO  o.e.m.c.i.embedder.EclipseLogger - skip non existing resourceDirectory E:\FH_Dortmund\Distributed and Parallel systems\Project_repo\Project_repo_for_JAVA\socrates-platoon\Platoon\maven-platoon\src\main\resources
2021-02-11 12:19:53,280 [Worker-48: Building] WARN  o.e.m.c.i.embedder.EclipseLogger - Using platform encoding (Cp1252 actually) to copy filtered resources, i.e. build is platform dependent!
2021-02-11 12:19:53,281 [Worker-48: Building] INFO  o.e.m.c.i.embedder.EclipseLogger - skip non existing resourceDirectory E:\FH_Dortmund\Distributed and Parallel systems\Project_repo\Project_repo_for_JAVA\socrates-platoon\Platoon\maven-platoon\src\test\resources
2021-02-11 12:19:59,094 [Worker-46: Building] WARN  o.e.m.c.i.embedder.EclipseLogger - Using platform encoding (Cp1252 actually) to copy filtered resources, i.e. build is platform dependent!
2021-02-11 12:19:59,094 [Worker-46: Building] INFO  o.e.m.c.i.embedder.EclipseLogger - skip non existing resourceDirectory E:\FH_Dortmund\Distributed and Parallel systems\Project_repo\Project_repo_for_JAVA\socrates-platoon\Platoon\maven-platoon\src\main\resources
2021-02-11 12:19:59,097 [Worker-46: Building] WARN  o.e.m.c.i.embedder.EclipseLogger - Using platform encoding (Cp1252 actually) to copy filtered resources, i.e. build is platform dependent!
2021-02-11 12:19:59,098 [Worker-46: Building] INFO  o.e.m.c.i.embedder.EclipseLogger - skip non existing resourceDirectory E:\FH_Dortmund\Distributed and Parallel systems\Project_repo\Project_repo_for_JAVA\socrates-platoon\Platoon\maven-platoon\src\test\resources
2021-02-11 12:21:26,201 [Worker-46: Building] WARN  o.e.m.c.i.embedder.EclipseLogger - Using platform encoding (Cp1252 actually) to copy filtered resources, i.e. build is platform dependent!
2021-02-11 12:21:26,202 [Worker-46: Building] INFO  o.e.m.c.i.embedder.EclipseLogger - skip non existing resourceDirectory E:\FH_Dortmund\Distributed and Parallel systems\Project_repo\Project_repo_for_JAVA\socrates-platoon\Platoon\maven-platoon\src\main\resources
2021-02-11 12:21:26,203 [Worker-46: Building] WARN  o.e.m.c.i.embedder.EclipseLogger - Using platform encoding (Cp1252 actually) to copy filtered resources, i.e. build is platform dependent!
2021-02-11 12:21:26,206 [Worker-46: Building] INFO  o.e.m.c.i.embedder.EclipseLogger - skip non existing resourceDirectory E:\FH_Dortmund\Distributed and Parallel systems\Project_repo\Project_repo_for_JAVA\socrates-platoon\Platoon\maven-platoon\src\test\resources
2021-02-11 12:21:37,980 [Worker-48: Building] WARN  o.e.m.c.i.embedder.EclipseLogger - Using platform encoding (Cp1252 actually) to copy filtered resources, i.e. build is platform dependent!
2021-02-11 12:21:37,981 [Worker-48: Building] INFO  o.e.m.c.i.embedder.EclipseLogger - skip non existing resourceDirectory E:\FH_Dortmund\Distributed and Parallel systems\Project_repo\Project_repo_for_JAVA\socrates-platoon\Platoon\maven-platoon\src\main\resources
2021-02-11 12:21:37,983 [Worker-48: Building] WARN  o.e.m.c.i.embedder.EclipseLogger - Using platform encoding (Cp1252 actually) to copy filtered resources, i.e. build is platform dependent!
2021-02-11 12:21:37,985 [Worker-48: Building] INFO  o.e.m.c.i.embedder.EclipseLogger - skip non existing resourceDirectory E:\FH_Dortmund\Distributed and Parallel systems\Project_repo\Project_repo_for_JAVA\socrates-platoon\Platoon\maven-platoon\src\test\resources
2021-02-11 14:17:20,081 [Worker-53: Building] WARN  o.e.m.c.i.embedder.EclipseLogger - Using platform encoding (Cp1252 actually) to copy filtered resources, i.e. build is platform dependent!
2021-02-11 14:17:20,082 [Worker-53: Building] INFO  o.e.m.c.i.embedder.EclipseLogger - skip non existing resourceDirectory E:\FH_Dortmund\Distributed and Parallel systems\Project_repo\Project_repo_for_JAVA\socrates-platoon\Platoon\maven-platoon\src\main\resources
2021-02-11 14:17:20,084 [Worker-53: Building] WARN  o.e.m.c.i.embedder.EclipseLogger - Using platform encoding (Cp1252 actually) to copy filtered resources, i.e. build is platform dependent!
2021-02-11 14:17:20,085 [Worker-53: Building] INFO  o.e.m.c.i.embedder.EclipseLogger - skip non existing resourceDirectory E:\FH_Dortmund\Distributed and Parallel systems\Project_repo\Project_repo_for_JAVA\socrates-platoon\Platoon\maven-platoon\src\test\resources
2021-02-11 14:17:35,758 [Worker-53: Building] WARN  o.e.m.c.i.embedder.EclipseLogger - Using platform encoding (Cp1252 actually) to copy filtered resources, i.e. build is platform dependent!
2021-02-11 14:17:35,758 [Worker-53: Building] INFO  o.e.m.c.i.embedder.EclipseLogger - skip non existing resourceDirectory E:\FH_Dortmund\Distributed and Parallel systems\Project_repo\Project_repo_for_JAVA\socrates-platoon\Platoon\maven-platoon\src\main\resources
2021-02-11 14:17:35,760 [Worker-53: Building] WARN  o.e.m.c.i.embedder.EclipseLogger - Using platform encoding (Cp1252 actually) to copy filtered resources, i.e. build is platform dependent!
2021-02-11 14:17:35,762 [Worker-53: Building] INFO  o.e.m.c.i.embedder.EclipseLogger - skip non existing resourceDirectory E:\FH_Dortmund\Distributed and Parallel systems\Project_repo\Project_repo_for_JAVA\socrates-platoon\Platoon\maven-platoon\src\test\resources
2021-02-11 14:17:42,270 [Worker-45: Building] WARN  o.e.m.c.i.embedder.EclipseLogger - Using platform encoding (Cp1252 actually) to copy filtered resources, i.e. build is platform dependent!
2021-02-11 14:17:42,271 [Worker-45: Building] INFO  o.e.m.c.i.embedder.EclipseLogger - skip non existing resourceDirectory E:\FH_Dortmund\Distributed and Parallel systems\Project_repo\Project_repo_for_JAVA\socrates-platoon\Platoon\maven-platoon\src\main\resources
2021-02-11 14:17:42,272 [Worker-45: Building] WARN  o.e.m.c.i.embedder.EclipseLogger - Using platform encoding (Cp1252 actually) to copy filtered resources, i.e. build is platform dependent!
2021-02-11 14:17:42,275 [Worker-45: Building] INFO  o.e.m.c.i.embedder.EclipseLogger - skip non existing resourceDirectory E:\FH_Dortmund\Distributed and Parallel systems\Project_repo\Project_repo_for_JAVA\socrates-platoon\Platoon\maven-platoon\src\test\resources
2021-02-11 14:18:03,545 [Worker-54: Building] WARN  o.e.m.c.i.embedder.EclipseLogger - Using platform encoding (Cp1252 actually) to copy filtered resources, i.e. build is platform dependent!
2021-02-11 14:18:03,546 [Worker-54: Building] INFO  o.e.m.c.i.embedder.EclipseLogger - skip non existing resourceDirectory E:\FH_Dortmund\Distributed and Parallel systems\Project_repo\Project_repo_for_JAVA\socrates-platoon\Platoon\maven-platoon\src\main\resources
2021-02-11 14:18:03,548 [Worker-54: Building] WARN  o.e.m.c.i.embedder.EclipseLogger - Using platform encoding (Cp1252 actually) to copy filtered resources, i.e. build is platform dependent!
2021-02-11 14:18:03,551 [Worker-54: Building] INFO  o.e.m.c.i.embedder.EclipseLogger - skip non existing resourceDirectory E:\FH_Dortmund\Distributed and Parallel systems\Project_repo\Project_repo_for_JAVA\socrates-platoon\Platoon\maven-platoon\src\test\resources
2021-02-11 14:18:06,770 [Worker-53: Building] WARN  o.e.m.c.i.embedder.EclipseLogger - Using platform encoding (Cp1252 actually) to copy filtered resources, i.e. build is platform dependent!
2021-02-11 14:18:06,772 [Worker-53: Building] INFO  o.e.m.c.i.embedder.EclipseLogger - skip non existing resourceDirectory E:\FH_Dortmund\Distributed and Parallel systems\Project_repo\Project_repo_for_JAVA\socrates-platoon\Platoon\maven-platoon\src\main\resources
2021-02-11 14:18:06,774 [Worker-53: Building] WARN  o.e.m.c.i.embedder.EclipseLogger - Using platform encoding (Cp1252 actually) to copy filtered resources, i.e. build is platform dependent!
2021-02-11 14:18:06,778 [Worker-53: Building] INFO  o.e.m.c.i.embedder.EclipseLogger - skip non existing resourceDirectory E:\FH_Dortmund\Distributed and Parallel systems\Project_repo\Project_repo_for_JAVA\socrates-platoon\Platoon\maven-platoon\src\test\resources
2021-02-11 14:18:37,269 [Worker-53: Building] WARN  o.e.m.c.i.embedder.EclipseLogger - Using platform encoding (Cp1252 actually) to copy filtered resources, i.e. build is platform dependent!
2021-02-11 14:18:37,270 [Worker-53: Building] INFO  o.e.m.c.i.embedder.EclipseLogger - skip non existing resourceDirectory E:\FH_Dortmund\Distributed and Parallel systems\Project_repo\Project_repo_for_JAVA\socrates-platoon\Platoon\maven-platoon\src\main\resources
2021-02-11 14:18:37,273 [Worker-53: Building] WARN  o.e.m.c.i.embedder.EclipseLogger - Using platform encoding (Cp1252 actually) to copy filtered resources, i.e. build is platform dependent!
2021-02-11 14:18:37,276 [Worker-53: Building] INFO  o.e.m.c.i.embedder.EclipseLogger - skip non existing resourceDirectory E:\FH_Dortmund\Distributed and Parallel systems\Project_repo\Project_repo_for_JAVA\socrates-platoon\Platoon\maven-platoon\src\test\resources
2021-02-11 14:20:55,746 [Worker-56: Building] WARN  o.e.m.c.i.embedder.EclipseLogger - Using platform encoding (Cp1252 actually) to copy filtered resources, i.e. build is platform dependent!
2021-02-11 14:20:55,747 [Worker-56: Building] INFO  o.e.m.c.i.embedder.EclipseLogger - skip non existing resourceDirectory E:\FH_Dortmund\Distributed and Parallel systems\Project_repo\Project_repo_for_JAVA\socrates-platoon\Platoon\maven-platoon\src\main\resources
2021-02-11 14:20:55,748 [Worker-56: Building] WARN  o.e.m.c.i.embedder.EclipseLogger - Using platform encoding (Cp1252 actually) to copy filtered resources, i.e. build is platform dependent!
2021-02-11 14:20:55,749 [Worker-56: Building] INFO  o.e.m.c.i.embedder.EclipseLogger - skip non existing resourceDirectory E:\FH_Dortmund\Distributed and Parallel systems\Project_repo\Project_repo_for_JAVA\socrates-platoon\Platoon\maven-platoon\src\test\resources
2021-02-11 14:21:12,821 [Worker-53: Building] WARN  o.e.m.c.i.embedder.EclipseLogger - Using platform encoding (Cp1252 actually) to copy filtered resources, i.e. build is platform dependent!
2021-02-11 14:21:12,823 [Worker-53: Building] INFO  o.e.m.c.i.embedder.EclipseLogger - skip non existing resourceDirectory E:\FH_Dortmund\Distributed and Parallel systems\Project_repo\Project_repo_for_JAVA\socrates-platoon\Platoon\maven-platoon\src\main\resources
2021-02-11 14:21:12,827 [Worker-53: Building] WARN  o.e.m.c.i.embedder.EclipseLogger - Using platform encoding (Cp1252 actually) to copy filtered resources, i.e. build is platform dependent!
2021-02-11 14:21:12,829 [Worker-53: Building] INFO  o.e.m.c.i.embedder.EclipseLogger - skip non existing resourceDirectory E:\FH_Dortmund\Distributed and Parallel systems\Project_repo\Project_repo_for_JAVA\socrates-platoon\Platoon\maven-platoon\src\test\resources
2021-02-11 14:25:22,384 [Worker-59: Building] WARN  o.e.m.c.i.embedder.EclipseLogger - Using platform encoding (Cp1252 actually) to copy filtered resources, i.e. build is platform dependent!
2021-02-11 14:25:22,385 [Worker-59: Building] INFO  o.e.m.c.i.embedder.EclipseLogger - skip non existing resourceDirectory E:\FH_Dortmund\Distributed and Parallel systems\Project_repo\Project_repo_for_JAVA\socrates-platoon\Platoon\maven-platoon\src\main\resources
2021-02-11 14:25:22,388 [Worker-59: Building] WARN  o.e.m.c.i.embedder.EclipseLogger - Using platform encoding (Cp1252 actually) to copy filtered resources, i.e. build is platform dependent!
2021-02-11 14:25:22,390 [Worker-59: Building] INFO  o.e.m.c.i.embedder.EclipseLogger - skip non existing resourceDirectory E:\FH_Dortmund\Distributed and Parallel systems\Project_repo\Project_repo_for_JAVA\socrates-platoon\Platoon\maven-platoon\src\test\resources
2021-02-11 14:27:18,829 [Worker-58: Building] WARN  o.e.m.c.i.embedder.EclipseLogger - Using platform encoding (Cp1252 actually) to copy filtered resources, i.e. build is platform dependent!
2021-02-11 14:27:18,831 [Worker-58: Building] INFO  o.e.m.c.i.embedder.EclipseLogger - skip non existing resourceDirectory E:\FH_Dortmund\Distributed and Parallel systems\Project_repo\Project_repo_for_JAVA\socrates-platoon\Platoon\maven-platoon\src\main\resources
2021-02-11 14:27:18,833 [Worker-58: Building] WARN  o.e.m.c.i.embedder.EclipseLogger - Using platform encoding (Cp1252 actually) to copy filtered resources, i.e. build is platform dependent!
2021-02-11 14:27:18,834 [Worker-58: Building] INFO  o.e.m.c.i.embedder.EclipseLogger - skip non existing resourceDirectory E:\FH_Dortmund\Distributed and Parallel systems\Project_repo\Project_repo_for_JAVA\socrates-platoon\Platoon\maven-platoon\src\test\resources
2021-02-11 14:27:22,261 [Worker-51: Building] WARN  o.e.m.c.i.embedder.EclipseLogger - Using platform encoding (Cp1252 actually) to copy filtered resources, i.e. build is platform dependent!
2021-02-11 14:27:22,262 [Worker-51: Building] INFO  o.e.m.c.i.embedder.EclipseLogger - skip non existing resourceDirectory E:\FH_Dortmund\Distributed and Parallel systems\Project_repo\Project_repo_for_JAVA\socrates-platoon\Platoon\maven-platoon\src\main\resources
2021-02-11 14:27:22,264 [Worker-51: Building] WARN  o.e.m.c.i.embedder.EclipseLogger - Using platform encoding (Cp1252 actually) to copy filtered resources, i.e. build is platform dependent!
2021-02-11 14:27:22,268 [Worker-51: Building] INFO  o.e.m.c.i.embedder.EclipseLogger - skip non existing resourceDirectory E:\FH_Dortmund\Distributed and Parallel systems\Project_repo\Project_repo_for_JAVA\socrates-platoon\Platoon\maven-platoon\src\test\resources
2021-02-11 14:31:41,438 [Worker-62: Building Workspace] WARN  o.e.m.c.i.embedder.EclipseLogger - Using platform encoding (Cp1252 actually) to copy filtered resources, i.e. build is platform dependent!
2021-02-11 14:31:41,509 [Worker-62: Building Workspace] INFO  o.e.m.c.i.embedder.EclipseLogger - skip non existing resourceDirectory E:\FH_Dortmund\Distributed and Parallel systems\Project_repo\Project_repo_for_JAVA\socrates-platoon\Platoon\maven-platoon\src\main\resources
2021-02-11 14:31:41,511 [Worker-62: Building Workspace] WARN  o.e.m.c.i.embedder.EclipseLogger - Using platform encoding (Cp1252 actually) to copy filtered resources, i.e. build is platform dependent!
2021-02-11 14:31:41,512 [Worker-62: Building Workspace] INFO  o.e.m.c.i.embedder.EclipseLogger - skip non existing resourceDirectory E:\FH_Dortmund\Distributed and Parallel systems\Project_repo\Project_repo_for_JAVA\socrates-platoon\Platoon\maven-platoon\src\test\resources
